0 info it worked if it ends with ok
1 verbose cli [ '/Users/julianshen/.nvm/v0.8.11/bin/node',
1 verbose cli   '/Users/julianshen/.nvm/v0.8.11/bin/npm',
1 verbose cli   'i',
1 verbose cli   'nodeinspector',
1 verbose cli   '-g' ]
2 info using npm@1.1.62
3 info using node@v0.8.11
4 verbose read json /Users/julianshen/.nvm/v0.8.11/lib/package.json
5 verbose read json /Users/julianshen/.nvm/v0.8.11/lib/package.json
6 verbose cache add [ 'nodeinspector', null ]
7 silly cache add name=undefined spec="nodeinspector" args=["nodeinspector",null]
8 verbose parsed url { pathname: 'nodeinspector',
8 verbose parsed url   path: 'nodeinspector',
8 verbose parsed url   href: 'nodeinspector' }
9 silly lockFile 466733e9-nodeinspector nodeinspector
10 verbose lock nodeinspector /Users/julianshen/.npm/466733e9-nodeinspector.lock
11 silly lockFile 466733e9-nodeinspector nodeinspector
12 verbose addNamed [ 'nodeinspector', '' ]
13 verbose addNamed [ null, '' ]
14 silly lockFile 56ee8031-nodeinspector nodeinspector@
15 verbose lock nodeinspector@ /Users/julianshen/.npm/56ee8031-nodeinspector.lock
16 silly addNameRange { name: 'nodeinspector', range: '', hasData: false }
17 verbose url raw nodeinspector
18 verbose url resolving [ 'https://registry.npmjs.org/', './nodeinspector' ]
19 verbose url resolved https://registry.npmjs.org/nodeinspector
20 info trying registry request attempt 1 at 21:50:13
21 http GET https://registry.npmjs.org/nodeinspector
22 http 404 https://registry.npmjs.org/nodeinspector
23 silly registry.get cb [ 404,
23 silly registry.get   { server: 'CouchDB/1.2.0 (Erlang OTP/R15B)',
23 silly registry.get     date: 'Wed, 31 Oct 2012 13:50:06 GMT',
23 silly registry.get     'content-type': 'application/json',
23 silly registry.get     'content-length': '52',
23 silly registry.get     'cache-control': 'must-revalidate' } ]
24 silly lockFile 56ee8031-nodeinspector nodeinspector@
25 error 404 'nodeinspector' is not in the npm registry.
25 error 404 You should bug the author to publish it
25 error 404
25 error 404 Note that you can also install from a
25 error 404 tarball, folder, or http url, or git url.
26 error System Darwin 12.2.0
27 error command "/Users/julianshen/.nvm/v0.8.11/bin/node" "/Users/julianshen/.nvm/v0.8.11/bin/npm" "i" "nodeinspector" "-g"
28 error cwd /Users/julianshen/dev/node-intro
29 error node -v v0.8.11
30 error npm -v 1.1.62
31 error code E404
32 verbose exit [ 1, true ]
